[INFO] [2013-08-21T15:58:11+02:00] Rulez waking up!
[DEBUG] [2013-08-21T15:58:12+02:00] Methods class set: RulezMethods::Methods
[DEBUG] [2013-08-21T15:58:45+02:00] Target set: #<StaticController:0x007f8256361b88>
[INFO] [2013-08-21T15:58:45+02:00] Evaluated asdf: true
[DEBUG] [2013-08-21T15:59:11+02:00] Target set: #<StaticController:0x007f825725dc40>
[INFO] [2013-08-21T15:59:11+02:00] Evaluated asdf: true
[INFO] [2013-08-21T17:16:08+02:00] Rulez waking up!
[DEBUG] [2013-08-21T17:16:09+02:00] Methods class set: RulezMethods::Methods
[INFO] [2013-08-21T17:28:37+02:00] Rulez waking up!
[DEBUG] [2013-08-21T17:28:38+02:00] Methods class set: RulezMethods::Methods
[INFO] [2013-08-21T17:29:13+02:00] Rulez waking up!
[DEBUG] [2013-08-21T17:29:13+02:00] Methods class set: RulezMethods::Methods
[INFO] [2013-08-21T17:30:41+02:00] Rulez waking up!
[DEBUG] [2013-08-21T17:30:42+02:00] Methods class set: RulezMethods::Methods
[INFO] [2013-08-21T17:30:46+02:00] Rulez waking up!
[DEBUG] [2013-08-21T17:30:46+02:00] Methods class set: RulezMethods::Methods
[INFO] [2013-08-21T17:31:28+02:00] Rulez waking up!
[INFO] [2013-08-21T17:31:32+02:00] Rulez waking up!
[INFO] [2013-08-21T17:31:36+02:00] Rulez waking up!
[DEBUG] [2013-08-21T17:31:37+02:00] Methods class set: RulezMethods::Methods
[INFO] [2013-08-21T17:31:42+02:00] Rulez waking up!
[INFO] [2013-08-21T17:31:47+02:00] Rulez waking up!
[INFO] [2013-08-21T17:31:52+02:00] Rulez waking up!
[INFO] [2013-08-21T17:31:56+02:00] Rulez waking up!
[DEBUG] [2013-08-21T17:31:56+02:00] Methods class set: RulezMethods::Methods
[INFO] [2013-08-21T17:32:29+02:00] Rulez waking up!
[DEBUG] [2013-08-21T17:32:30+02:00] Methods class set: RulezMethods::Methods
[INFO] [2013-08-21T17:32:54+02:00] Rulez waking up!
[DEBUG] [2013-08-21T17:32:54+02:00] Methods class set: RulezMethods::Methods
[INFO] [2013-08-21T17:32:59+02:00] Rulez waking up!
[DEBUG] [2013-08-21T17:33:00+02:00] Methods class set: RulezMethods::Methods
[INFO] [2013-08-21T17:33:19+02:00] Rulez waking up!
[DEBUG] [2013-08-21T17:33:19+02:00] Methods class set: RulezMethods::Methods
[INFO] [2013-08-21T17:33:27+02:00] Rulez waking up!
[DEBUG] [2013-08-21T17:33:28+02:00] Methods class set: RulezMethods::Methods
[INFO] [2013-08-21T17:33:34+02:00] Rulez waking up!
[DEBUG] [2013-08-21T17:33:35+02:00] Methods class set: RulezMethods::Methods
[INFO] [2013-08-21T17:33:53+02:00] Rulez waking up!
[DEBUG] [2013-08-21T17:33:54+02:00] Methods class set: RulezMethods::Methods
[INFO] [2013-08-21T17:37:32+02:00] Rulez waking up!
[DEBUG] [2013-08-21T17:37:33+02:00] Methods class set: RulezMethods::Methods
[INFO] [2013-08-21T17:38:03+02:00] Rulez waking up!
[DEBUG] [2013-08-21T17:38:04+02:00] Methods class set: RulezMethods::Methods
[INFO] [2013-08-21T17:38:40+02:00] Rulez waking up!
[DEBUG] [2013-08-21T17:38:41+02:00] Methods class set: RulezMethods::Methods
[INFO] [2013-08-21T15:59:36+02:00] Rulez waking up!
[DEBUG] [2013-08-21T15:59:37+02:00] Methods class set: RulezMethods::Methods
[INFO] [2013-08-21T17:40:35+02:00] Rulez waking up!
[DEBUG] [2013-08-21T17:40:35+02:00] Methods class set: RulezMethods::Methods
[INFO] [2013-08-22T10:21:18+02:00] Rulez waking up!
[DEBUG] [2013-08-22T10:21:18+02:00] Methods class set: RulezMethods::Methods
[INFO] [2013-08-22T10:21:43+02:00] Rulez waking up!
[DEBUG] [2013-08-22T10:21:43+02:00] Methods class set: RulezMethods::Methods
[INFO] [2013-08-22T10:37:07+02:00] Rulez waking up!
[DEBUG] [2013-08-22T10:37:08+02:00] Methods class set: RulezMethods::Methods
[DEBUG] [2013-08-22T10:37:13+02:00] Target set: #<StaticController:0x007fea9d36a7d8>
[INFO] [2013-08-22T10:41:45+02:00] Rulez waking up!
[DEBUG] [2013-08-22T10:41:45+02:00] Methods class set: RulezMethods::Methods
[INFO] [2013-08-22T10:42:14+02:00] Rulez waking up!
[DEBUG] [2013-08-22T10:42:15+02:00] Methods class set: RulezMethods::Methods
[INFO] [2013-08-22T11:29:41+02:00] Rulez waking up!
[DEBUG] [2013-08-22T11:29:42+02:00] Methods class set: RulezMethods::Methods
[INFO] [2013-08-22T11:38:28+02:00] Rulez waking up!
[DEBUG] [2013-08-22T11:38:29+02:00] Methods class set: RulezMethods::Methods
[INFO] [2013-08-22T12:07:41+02:00] Rulez waking up!
[DEBUG] [2013-08-22T12:07:42+02:00] Methods class set: RulezMethods::Methods
[INFO] [2013-08-22T12:08:51+02:00] Rulez waking up!
[DEBUG] [2013-08-22T12:08:52+02:00] Methods class set: RulezMethods::Methods
[INFO] [2013-08-22T12:09:38+02:00] Rulez waking up!
[DEBUG] [2013-08-22T12:09:38+02:00] Methods class set: RulezMethods::Methods
[INFO] [2013-08-22T12:11:50+02:00] Rulez waking up!
[DEBUG] [2013-08-22T12:11:51+02:00] Methods class set: RulezMethods::Methods
[INFO] [2013-08-22T12:13:52+02:00] Rulez waking up!
[DEBUG] [2013-08-22T12:13:52+02:00] Methods class set: RulezMethods::Methods
[INFO] [2013-08-22T12:23:11+02:00] Rulez waking up!
[DEBUG] [2013-08-22T12:23:12+02:00] Methods class set: RulezMethods::Methods
[INFO] [2013-08-22T12:30:15+02:00] Rulez waking up!
[DEBUG] [2013-08-22T12:30:16+02:00] Methods class set: RulezMethods::Methods
[INFO] [2013-08-22T12:30:21+02:00] Rulez waking up!
[DEBUG] [2013-08-22T12:30:22+02:00] Methods class set: RulezMethods::Methods
[INFO] [2013-08-22T12:30:33+02:00] Rulez waking up!
[DEBUG] [2013-08-22T12:30:34+02:00] Methods class set: RulezMethods::Methods
[INFO] [2013-08-22T12:30:43+02:00] Rulez waking up!
[DEBUG] [2013-08-22T12:30:44+02:00] Methods class set: RulezMethods::Methods
[INFO] [2013-08-22T12:30:58+02:00] Rulez waking up!
[DEBUG] [2013-08-22T12:30:58+02:00] Methods class set: RulezMethods::Methods
[INFO] [2013-08-22T12:31:22+02:00] Rulez waking up!
[DEBUG] [2013-08-22T12:31:23+02:00] Methods class set: RulezMethods::Methods
[INFO] [2013-08-22T12:32:46+02:00] Rulez waking up!
[DEBUG] [2013-08-22T12:32:46+02:00] Methods class set: RulezMethods::Methods
[INFO] [2013-08-22T12:37:20+02:00] Rulez waking up!
[DEBUG] [2013-08-22T12:37:21+02:00] Methods class set: RulezMethods::Methods
[INFO] [2013-08-22T12:38:22+02:00] Rulez waking up!
[DEBUG] [2013-08-22T12:38:23+02:00] Methods class set: RulezMethods::Methods
[INFO] [2013-08-22T12:39:48+02:00] Rulez waking up!
[DEBUG] [2013-08-22T12:39:49+02:00] Methods class set: RulezMethods::Methods
[INFO] [2013-08-22T12:41:08+02:00] Rulez waking up!
[DEBUG] [2013-08-22T12:41:09+02:00] Methods class set: RulezMethods::Methods
[INFO] [2013-08-22T12:41:12+02:00] Rulez waking up!
[INFO] [2013-08-22T12:41:14+02:00] Rulez waking up!
[DEBUG] [2013-08-22T12:41:15+02:00] Methods class set: RulezMethods::Methods
[INFO] [2013-08-22T12:41:36+02:00] Rulez waking up!
[DEBUG] [2013-08-22T12:41:37+02:00] Methods class set: RulezMethods::Methods
[INFO] [2013-08-22T12:48:32+02:00] Rulez waking up!
[DEBUG] [2013-08-22T12:48:32+02:00] Methods class set: RulezMethods::Methods
[INFO] [2013-08-22T12:49:08+02:00] Rulez waking up!
[DEBUG] [2013-08-22T12:49:09+02:00] Methods class set: RulezMethods::Methods
[INFO] [2013-08-22T12:54:21+02:00] Rulez waking up!
[DEBUG] [2013-08-22T12:54:22+02:00] Methods class set: RulezMethods::Methods
[INFO] [2013-08-22T14:42:09+02:00] Rulez waking up!
[DEBUG] [2013-08-22T14:42:10+02:00] Methods class set: RulezMethods::Methods
[DEBUG] [2013-08-22T16:19:55+02:00] Target set: #<StaticController:0x007fce2a2aa1e8>
[INFO] [2013-08-22T16:19:55+02:00] Evaluated asdf: true
[INFO] [2013-08-22T16:21:21+02:00] Rulez waking up!
[DEBUG] [2013-08-22T16:21:22+02:00] Methods class set: RulezMethods::Methods
[INFO] [2013-08-22T16:24:25+02:00] Rulez waking up!
[DEBUG] [2013-08-22T16:24:26+02:00] Methods class set: RulezMethods::Methods
[INFO] [2013-08-22T16:25:05+02:00] Rulez waking up!
[DEBUG] [2013-08-22T16:25:06+02:00] Methods class set: RulezMethods::Methods
[INFO] [2013-08-22T16:39:05+02:00] Rulez waking up!
[DEBUG] [2013-08-22T16:39:06+02:00] Methods class set: RulezMethods::Methods
[INFO] [2013-08-22T16:39:42+02:00] Rulez waking up!
[DEBUG] [2013-08-22T16:39:43+02:00] Methods class set: RulezMethods::Methods
[INFO] [2013-08-22T16:39:51+02:00] Rulez waking up!
[DEBUG] [2013-08-22T16:39:51+02:00] Methods class set: RulezMethods::Methods
[INFO] [2013-08-22T16:39:53+02:00] Rulez waking up!
[DEBUG] [2013-08-22T16:39:54+02:00] Methods class set: RulezMethods::Methods
[INFO] [2013-08-23T09:42:05+02:00] Rulez waking up!
[DEBUG] [2013-08-23T09:42:06+02:00] Methods class set: RulezMethods::Methods
[DEBUG] [2013-08-23T09:59:16+02:00] Target set: #<StaticController:0x007f8f85d6b520>
[INFO] [2013-08-23T09:59:16+02:00] Evaluated asdf: true
[INFO] [2013-08-23T10:02:35+02:00] Rulez waking up!
[DEBUG] [2013-08-23T10:02:36+02:00] Methods class set: RulezMethods::Methods
[INFO] [2013-08-23T10:03:10+02:00] Rulez waking up!
[DEBUG] [2013-08-23T10:03:11+02:00] Methods class set: RulezMethods::Methods
[INFO] [2013-08-23T10:13:08+02:00] Rulez waking up!
[DEBUG] [2013-08-23T10:13:08+02:00] Methods class set: RulezMethods::Methods
[INFO] [2013-08-23T11:26:59+02:00] Rulez waking up!
[DEBUG] [2013-08-23T11:27:00+02:00] Methods class set: RulezMethods::Methods
[INFO] [2013-08-23T12:02:01+02:00] Rulez waking up!
[DEBUG] [2013-08-23T12:02:02+02:00] Methods class set: RulezMethods::Methods
[INFO] [2013-08-23T12:43:37+02:00] Rulez waking up!
[DEBUG] [2013-08-23T12:43:38+02:00] Methods class set: RulezMethods::Methods
[INFO] [2013-08-23T15:14:17+02:00] Rulez waking up!
[DEBUG] [2013-08-23T15:14:18+02:00] Methods class set: RulezMethods::Methods
[INFO] [2013-08-23T15:45:05+02:00] Rulez waking up!
[DEBUG] [2013-08-23T15:45:06+02:00] Methods class set: RulezMethods::Methods
[INFO] [2013-08-23T15:45:11+02:00] Rulez waking up!
[DEBUG] [2013-08-23T15:45:11+02:00] Methods class set: RulezMethods::Methods
[INFO] [2013-08-23T15:55:13+02:00] Rulez waking up!
[DEBUG] [2013-08-23T15:55:14+02:00] Methods class set: RulezMethods::Methods
[INFO] [2013-08-23T15:56:06+02:00] Rulez waking up!
[DEBUG] [2013-08-23T15:56:07+02:00] Methods class set: RulezMethods::Methods
[INFO] [2013-08-23T16:04:09+02:00] Rulez waking up!
[DEBUG] [2013-08-23T16:04:09+02:00] Methods class set: RulezMethods::Methods
[INFO] [2013-08-23T16:07:26+02:00] Rulez waking up!
[DEBUG] [2013-08-23T16:07:27+02:00] Methods class set: RulezMethods::Methods
[INFO] [2013-08-23T16:09:45+02:00] Rulez waking up!
[DEBUG] [2013-08-23T16:09:46+02:00] Methods class set: RulezMethods::Methods
[INFO] [2013-08-23T16:19:29+02:00] Rulez waking up!
[DEBUG] [2013-08-23T16:19:30+02:00] Methods class set: RulezMethods::Methods
[INFO] [2013-08-23T16:20:21+02:00] Rulez waking up!
[DEBUG] [2013-08-23T16:20:21+02:00] Methods class set: RulezMethods::Methods
[INFO] [2013-08-23T16:29:07+02:00] Rulez waking up!
[DEBUG] [2013-08-23T16:29:08+02:00] Methods class set: RulezMethods::Methods
[INFO] [2013-08-23T16:20:30+02:00] Rulez waking up!
[DEBUG] [2013-08-23T16:20:31+02:00] Methods class set: RulezMethods::Methods
[INFO] [2013-08-23T16:42:27+02:00] Rulez waking up!
[DEBUG] [2013-08-23T16:42:28+02:00] Methods class set: RulezMethods::Methods
[DEBUG] [2013-08-23T17:07:05+02:00] Target set: #<StaticController:0x007fa51a3e35c0>
[INFO] [2013-08-23T17:07:05+02:00] Evaluated asdf: true
[DEBUG] [2013-08-23T17:07:07+02:00] Target set: #<RestaurantsController:0x007fa51e145aa8>
[DEBUG] [2013-08-23T17:07:08+02:00] Target set: #<RestaurantsController:0x007fa51a4796d8>
[DEBUG] [2013-08-23T17:07:27+02:00] Target set: #<RestaurantsController:0x007fa51a4e40a0>
[DEBUG] [2013-08-23T17:07:27+02:00] Target set: #<RestaurantsController:0x007fa51b3e01d0>
[DEBUG] [2013-08-23T17:07:34+02:00] Target set: #<RestaurantsController:0x007fa51cc4cc50>
[DEBUG] [2013-08-23T17:09:56+02:00] Target set: #<RestaurantsController:0x007fa51bf25108>
[DEBUG] [2013-08-23T17:09:59+02:00] Target set: #<StaticController:0x007fa51a0b9890>
[INFO] [2013-08-23T17:09:59+02:00] Evaluated rule1: 1
[DEBUG] [2013-08-23T17:10:30+02:00] Target set: #<StaticController:0x007fa51c938af0>
[INFO] [2013-08-23T17:10:31+02:00] Evaluated rule1: 1
[DEBUG] [2013-08-23T17:10:41+02:00] Target set: #<StaticController:0x007fa51ccd3ef8>
[INFO] [2013-08-23T17:10:41+02:00] Evaluated rule1: 1
[DEBUG] [2013-08-23T17:10:41+02:00] Target set: #<StaticController:0x007fa519bbbc80>
[INFO] [2013-08-23T17:10:41+02:00] Evaluated rule1: 1
[DEBUG] [2013-08-23T17:10:42+02:00] Target set: #<StaticController:0x007fa51e0f9040>
[INFO] [2013-08-23T17:10:42+02:00] Evaluated rule1: 1
[DEBUG] [2013-08-23T17:10:42+02:00] Target set: #<StaticController:0x007fa51cd46bb0>
[INFO] [2013-08-23T17:10:42+02:00] Evaluated rule1: 1
[DEBUG] [2013-08-23T17:10:42+02:00] Target set: #<StaticController:0x007fa51a0bb668>
[INFO] [2013-08-23T17:10:42+02:00] Evaluated rule1: 1
[DEBUG] [2013-08-23T17:10:43+02:00] Target set: #<StaticController:0x007fa51e0c9cf0>
[INFO] [2013-08-23T17:10:43+02:00] Evaluated rule1: 1
[INFO] [2013-08-23T17:11:05+02:00] Rulez waking up!
[DEBUG] [2013-08-23T17:11:06+02:00] Methods class set: RulezMethods::Methods
[DEBUG] [2013-08-23T17:11:07+02:00] Target set: #<StaticController:0x007faaaa4aa5e0>
[INFO] [2013-08-23T17:11:08+02:00] Evaluated rule1: 
[DEBUG] [2013-08-23T17:11:08+02:00] Target set: #<StaticController:0x007faaad130240>
[INFO] [2013-08-23T17:11:08+02:00] Evaluated rule1: 
[DEBUG] [2013-08-23T17:11:09+02:00] Target set: #<StaticController:0x007faaaa539ab0>
[INFO] [2013-08-23T17:11:09+02:00] Evaluated rule1: 
[DEBUG] [2013-08-23T17:11:47+02:00] Target set: #<StaticController:0x007faaaa8e2e50>
[INFO] [2013-08-23T17:11:47+02:00] Evaluated rule1: 
[DEBUG] [2013-08-23T17:11:58+02:00] Target set: #<StaticController:0x007faaa97f45a8>
[INFO] [2013-08-23T17:11:58+02:00] Evaluated rule1: 1
[DEBUG] [2013-08-23T17:12:06+02:00] Target set: #<StaticController:0x007faaaad13100>
[INFO] [2013-08-23T17:12:06+02:00] Evaluated rule1: 
[DEBUG] [2013-08-23T17:12:07+02:00] Target set: #<StaticController:0x007faaaad1d6f0>
[INFO] [2013-08-23T17:12:07+02:00] Evaluated rule1: 
[DEBUG] [2013-08-23T17:12:07+02:00] Target set: #<StaticController:0x007faaa960ce48>
[INFO] [2013-08-23T17:12:07+02:00] Evaluated rule1: 
[DEBUG] [2013-08-23T17:12:08+02:00] Target set: #<StaticController:0x007faaaab56fb0>
[INFO] [2013-08-23T17:12:08+02:00] Evaluated rule1: 
[DEBUG] [2013-08-23T17:12:08+02:00] Target set: #<StaticController:0x007faaaa3b84c0>
[INFO] [2013-08-23T17:12:08+02:00] Evaluated rule1: 
[DEBUG] [2013-08-23T17:12:16+02:00] Target set: #<StaticController:0x007faaa979f350>
[INFO] [2013-08-23T17:12:16+02:00] Evaluated rule1: 
[DEBUG] [2013-08-23T17:12:20+02:00] Target set: #<StaticController:0x007faaa95ef050>
[INFO] [2013-08-23T17:12:20+02:00] Evaluated rule1: 
[DEBUG] [2013-08-23T17:12:20+02:00] Target set: #<StaticController:0x007faaaee19cf8>
[INFO] [2013-08-23T17:12:20+02:00] Evaluated rule1: 
[DEBUG] [2013-08-23T17:12:21+02:00] Target set: #<StaticController:0x007faaab2cb318>
[INFO] [2013-08-23T17:12:21+02:00] Evaluated rule1: 
[INFO] [2013-08-23T17:15:30+02:00] Rulez waking up!
[DEBUG] [2013-08-23T17:15:31+02:00] Methods class set: RulezMethods::Methods
[DEBUG] [2013-08-23T17:15:31+02:00] Target set: #<StaticController:0x007f96bbcafe00>
[INFO] [2013-08-23T17:15:32+02:00] Evaluated rule1: 2
[DEBUG] [2013-08-23T17:15:57+02:00] Target set: #<StaticController:0x007f96be90dec0>
[INFO] [2013-08-23T17:15:57+02:00] Evaluated rule1: 2
[DEBUG] [2013-08-23T17:15:59+02:00] Target set: #<StaticController:0x007f96ba4be508>
[INFO] [2013-08-23T17:15:59+02:00] Evaluated rule1: 2
[DEBUG] [2013-08-23T17:16:08+02:00] Target set: #<StaticController:0x007f96bea7f740>
[INFO] [2013-08-23T17:16:08+02:00] Evaluated rule1: 3
[DEBUG] [2013-08-23T17:16:21+02:00] Target set: #<StaticController:0x007f96bef29250>
[INFO] [2013-08-23T17:16:21+02:00] Evaluated rule1: 1
[DEBUG] [2013-08-23T17:16:25+02:00] Target set: #<RestaurantsController:0x007f96ba461bf0>
[DEBUG] [2013-08-23T17:16:52+02:00] Target set: #<StaticController:0x007f96bd7dc930>
[INFO] [2013-08-23T17:16:52+02:00] Evaluated rule1: 3
[INFO] [2013-08-23T16:52:55+02:00] Rulez waking up!
[DEBUG] [2013-08-23T16:52:55+02:00] Methods class set: RulezMethods::Methods
[INFO] [2013-08-23T17:53:40+02:00] Rulez waking up!
[DEBUG] [2013-08-23T17:53:40+02:00] Methods class set: RulezMethods::Methods
[INFO] [2013-08-23T17:53:43+02:00] Rule rule1 was successfully updated!
[INFO] [2013-08-23T17:57:12+02:00] Rulez waking up!
[DEBUG] [2013-08-23T17:57:12+02:00] Methods class set: RulezMethods::Methods
[INFO] [2013-08-23T17:57:51+02:00] Rulez waking up!
[DEBUG] [2013-08-23T17:57:51+02:00] Methods class set: RulezMethods::Methods
[INFO] [2013-08-23T17:58:00+02:00] Rulez waking up!
[DEBUG] [2013-08-23T17:58:00+02:00] Methods class set: RulezMethods::Methods
[INFO] [2013-08-23T17:59:58+02:00] Rulez waking up!
[DEBUG] [2013-08-23T17:59:58+02:00] Methods class set: RulezMethods::Methods
[INFO] [2013-08-23T18:00:03+02:00] Rulez waking up!
[DEBUG] [2013-08-23T18:00:03+02:00] Methods class set: RulezMethods::Methods
[INFO] [2013-08-23T18:01:03+02:00] Rulez waking up!
[DEBUG] [2013-08-23T18:01:03+02:00] Methods class set: RulezMethods::Methods
[INFO] [2013-08-23T18:01:19+02:00] Rulez waking up!
[DEBUG] [2013-08-23T18:01:19+02:00] Methods class set: RulezMethods::Methods
[INFO] [2013-08-23T18:01:57+02:00] Rulez waking up!
[DEBUG] [2013-08-23T18:01:57+02:00] Methods class set: RulezMethods::Methods
[INFO] [2013-08-23T18:02:21+02:00] Rulez waking up!
[DEBUG] [2013-08-23T18:02:21+02:00] Methods class set: RulezMethods::Methods
[INFO] [2013-08-23T17:57:10+02:00] Rulez waking up!
[DEBUG] [2013-08-23T17:57:10+02:00] Methods class set: RulezMethods::Methods
[INFO] [2013-08-23T18:06:14+02:00] Rulez waking up!
[DEBUG] [2013-08-23T18:06:14+02:00] Methods class set: RulezMethods::Methods
[INFO] [2013-08-23T18:07:15+02:00] Rule annullamenti was successfully created!
[INFO] [2013-08-23T18:10:08+02:00] Rulez waking up!
[DEBUG] [2013-08-23T18:10:08+02:00] Methods class set: RulezMethods::Methods
[INFO] [2013-08-23T18:20:58+02:00] Rulez waking up!
[DEBUG] [2013-08-23T18:20:58+02:00] Methods class set: RulezMethods::Methods
[INFO] [2013-08-26T14:46:12+02:00] Rulez waking up!
[DEBUG] [2013-08-26T14:46:12+02:00] Methods class set: RulezMethods::Methods
[DEBUG] [2013-08-26T14:46:13+02:00] Target set: #<StaticController:0x007fe33e7bfc18>
[DEBUG] [2013-08-26T14:46:15+02:00] Target set: #<StaticController:0x007fe33e280f40>
[DEBUG] [2013-08-26T14:46:16+02:00] Target set: #<StaticController:0x007fe33a108f68>
[DEBUG] [2013-08-26T14:46:16+02:00] Target set: #<StaticController:0x007fe33e08deb8>
[DEBUG] [2013-08-26T14:46:38+02:00] Target set: #<StaticController:0x007fe33c331888>
[DEBUG] [2013-08-26T14:46:41+02:00] Target set: #<RestaurantsController:0x007fe33a953808>
[DEBUG] [2013-08-26T14:46:42+02:00] Target set: #<RestaurantsController:0x007fe33a2579a0>
[INFO] [2013-08-26T14:47:04+02:00] Rule asdf was successfully created!
[INFO] [2013-08-26T15:18:29+02:00] Rulez waking up!
[DEBUG] [2013-08-26T15:18:29+02:00] Methods class set: RulezMethods::Methods
[INFO] [2013-08-26T15:51:27+02:00] Rulez waking up!
[DEBUG] [2013-08-26T15:51:28+02:00] Methods class set: RulezMethods::Methods
[INFO] [2013-08-26T15:56:29+02:00] Rulez waking up!
[DEBUG] [2013-08-26T15:56:29+02:00] Methods class set: RulezMethods::Methods
[INFO] [2013-08-26T15:59:07+02:00] Rulez waking up!
[DEBUG] [2013-08-26T15:59:07+02:00] Methods class set: RulezMethods::Methods
[INFO] [2013-08-26T16:02:38+02:00] Rulez waking up!
[DEBUG] [2013-08-26T16:02:38+02:00] Methods class set: RulezMethods::Methods
[INFO] [2013-08-26T16:12:34+02:00] Rulez waking up!
[DEBUG] [2013-08-26T16:12:34+02:00] Methods class set: RulezMethods::Methods
[INFO] [2013-08-26T16:12:54+02:00] Rulez waking up!
[DEBUG] [2013-08-26T16:12:54+02:00] Methods class set: RulezMethods::Methods
[INFO] [2013-08-26T16:13:20+02:00] Rulez waking up!
[DEBUG] [2013-08-26T16:13:21+02:00] Methods class set: RulezMethods::Methods
[INFO] [2013-08-26T16:13:37+02:00] Rule asdf was successfully created!
[INFO] [2013-08-26T16:13:45+02:00] Rule asdf was successfully updated!
[INFO] [2013-08-26T16:13:59+02:00] Rule asdf was successfully updated!
[INFO] [2013-08-26T16:17:47+02:00] Rulez waking up!
[DEBUG] [2013-08-26T16:17:47+02:00] Methods class set: RulezMethods::Methods
[INFO] [2013-08-26T16:18:03+02:00] Rule asdf was successfully updated!
[INFO] [2013-08-26T16:22:00+02:00] Rule asdf was successfully updated!
[INFO] [2013-08-26T16:46:24+02:00] Rulez waking up!
[DEBUG] [2013-08-26T16:46:24+02:00] Methods class set: RulezMethods::Methods
[INFO] [2013-08-26T16:46:29+02:00] Rule asdf was successfully updated!
[INFO] [2013-08-26T16:47:02+02:00] Rule asdf was successfully updated!
[INFO] [2013-08-26T17:01:17+02:00] Rule asdf was successfully updated!
[DEBUG] [2013-08-26T17:52:58+02:00] Target set: #<StaticController:0x007fe2e786f200>
[INFO] [2013-08-26T17:53:25+02:00] Rulez waking up!
[DEBUG] [2013-08-26T17:53:25+02:00] Methods class set: RulezMethods::Methods
[DEBUG] [2013-08-26T17:53:28+02:00] Target set: #<StaticController:0x007fe662ea2068>
[DEBUG] [2013-08-26T17:54:20+02:00] Target set: #<StaticController:0x007fe662ea4458>
[DEBUG] [2013-08-26T17:54:22+02:00] Target set: #<StaticController:0x007fe6613fdb90>
[INFO] [2013-08-26T17:54:27+02:00] Rulez waking up!
[DEBUG] [2013-08-26T17:54:27+02:00] Methods class set: RulezMethods::Methods
[DEBUG] [2013-08-26T17:54:30+02:00] Target set: #<StaticController:0x007fc37e23e508>
[ERROR] [2013-08-26T17:54:30+02:00] Evaluating asdf: mandatory parameters not set: lollone, piciu, edit
[DEBUG] [2013-08-26T17:55:47+02:00] Target set: #<StaticController:0x007fc37c363d40>
[DEBUG] [2013-08-26T17:57:02+02:00] Target set: #<StaticController:0x007fc37c2a34a0>
[DEBUG] [2013-08-26T17:57:02+02:00] Target set: #<StaticController:0x007fc37da898f8>
[INFO] [2013-08-26T17:57:08+02:00] Rulez waking up!
[DEBUG] [2013-08-26T17:57:08+02:00] Methods class set: RulezMethods::Methods
[DEBUG] [2013-08-26T17:57:08+02:00] Target set: #<StaticController:0x007fd95a5de018>
[DEBUG] [2013-08-26T17:57:09+02:00] Target set: #<StaticController:0x007fd95aae00e8>
[DEBUG] [2013-08-26T17:57:09+02:00] Target set: #<StaticController:0x007fd95ae498d8>
[DEBUG] [2013-08-26T17:57:10+02:00] Target set: #<StaticController:0x007fd95adf0760>
[DEBUG] [2013-08-26T17:57:10+02:00] Target set: #<StaticController:0x007fd95aee32a8>
[DEBUG] [2013-08-26T17:57:11+02:00] Target set: #<StaticController:0x007fd95bdda798>
[DEBUG] [2013-08-26T17:57:11+02:00] Target set: #<StaticController:0x007fd95b850a70>
[DEBUG] [2013-08-26T17:57:11+02:00] Target set: #<StaticController:0x007fd95be68cc8>
[DEBUG] [2013-08-26T17:57:12+02:00] Target set: #<StaticController:0x007fd95a9de488>
[DEBUG] [2013-08-26T17:57:12+02:00] Target set: #<StaticController:0x007fd95a7efe38>
[DEBUG] [2013-08-26T17:57:58+02:00] Target set: #<StaticController:0x007fd95a935c98>
[DEBUG] [2013-08-26T17:57:59+02:00] Target set: #<StaticController:0x007fd95a5d0198>
[DEBUG] [2013-08-26T17:57:59+02:00] Target set: #<StaticController:0x007fd95be639f8>
[INFO] [2013-08-26T17:58:03+02:00] Rulez waking up!
[DEBUG] [2013-08-26T17:58:03+02:00] Methods class set: RulezMethods::Methods
[DEBUG] [2013-08-26T17:58:04+02:00] Target set: #<StaticController:0x007fa925c5b040>
[DEBUG] [2013-08-26T17:58:05+02:00] Target set: #<StaticController:0x007fa923abf080>
[DEBUG] [2013-08-26T17:58:05+02:00] Target set: #<StaticController:0x007fa9220e1ff0>
[DEBUG] [2013-08-26T17:58:06+02:00] Target set: #<StaticController:0x007fa926bd9760>
[DEBUG] [2013-08-26T17:58:06+02:00] Target set: #<StaticController:0x007fa926be4570>
[DEBUG] [2013-08-26T17:58:06+02:00] Target set: #<StaticController:0x007fa9268e01a8>
[DEBUG] [2013-08-26T17:58:07+02:00] Target set: #<StaticController:0x007fa925d3ea20>
[DEBUG] [2013-08-26T17:58:07+02:00] Target set: #<StaticController:0x007fa9239b3a60>
[DEBUG] [2013-08-26T17:58:07+02:00] Target set: #<StaticController:0x007fa926bcb020>
[DEBUG] [2013-08-26T17:58:07+02:00] Target set: #<StaticController:0x007fa9221afe78>
[INFO] [2013-08-26T18:00:42+02:00] Rulez waking up!
[DEBUG] [2013-08-26T18:00:42+02:00] Methods class set: RulezMethods::Methods
[DEBUG] [2013-08-26T18:00:50+02:00] Target set: #<StaticController:0x007ff2d44f2288>
[DEBUG] [2013-08-26T18:01:17+02:00] Target set: #<StaticController:0x007ff2d32a2df8>
[INFO] [2013-08-26T18:01:17+02:00] Evaluated asdf: true
[DEBUG] [2013-08-26T18:01:26+02:00] Target set: #<StaticController:0x007ff2d33093c8>
[ERROR] [2013-08-26T18:01:26+02:00] Evaluating asdf: mandatory parameters not set: edit
[DEBUG] [2013-08-26T18:01:41+02:00] Target set: #<StaticController:0x007ff2d2a959a8>
[DEBUG] [2013-08-26T18:04:05+02:00] Target set: #<StaticController:0x007ff2d11cfef0>
[DEBUG] [2013-08-26T18:04:05+02:00] Target set: #<StaticController:0x007ff2d308a980>
[INFO] [2013-08-26T18:04:10+02:00] Rulez waking up!
[DEBUG] [2013-08-26T18:04:10+02:00] Methods class set: RulezMethods::Methods
[DEBUG] [2013-08-26T18:04:12+02:00] Target set: #<StaticController:0x007f974baaa548>
[WARNING] [2013-08-26T18:04:12+02:00] Evaluating asdf: too many parameters set: comm are not requested
[INFO] [2013-08-26T18:04:12+02:00] Evaluated asdf: true
[INFO] [2013-08-26T18:04:41+02:00] Rule asdf was successfully updated!
[DEBUG] [2013-08-26T18:06:30+02:00] Target set: #<StaticController:0x007f974d9b8db8>
[ERROR] [2013-08-26T18:06:30+02:00] Evaluating asdf: mandatory parameters not set: p1, p2, p3
[DEBUG] [2013-08-26T18:07:25+02:00] Target set: #<StaticController:0x007f974f407728>
[DEBUG] [2013-08-26T18:07:27+02:00] Target set: #<StaticController:0x007f974da84da0>
[DEBUG] [2013-08-26T18:07:28+02:00] Target set: #<StaticController:0x007f974dc597c0>
[INFO] [2013-08-26T18:07:34+02:00] Rulez waking up!
[DEBUG] [2013-08-26T18:07:34+02:00] Methods class set: RulezMethods::Methods
[DEBUG] [2013-08-26T18:07:38+02:00] Target set: #<StaticController:0x007fcb7abdd088>
[DEBUG] [2013-08-26T18:07:39+02:00] Target set: #<StaticController:0x007fcb79eac760>
[DEBUG] [2013-08-26T18:07:50+02:00] Target set: #<StaticController:0x007fcb792c2af8>
[DEBUG] [2013-08-26T18:07:51+02:00] Target set: #<StaticController:0x007fcb7c6b6878>
[INFO] [2013-08-26T18:11:52+02:00] Rulez waking up!
[DEBUG] [2013-08-26T18:11:52+02:00] Methods class set: RulezMethods::Methods
[DEBUG] [2013-08-26T18:11:53+02:00] Target set: #<StaticController:0x007f99156d5e60>
[INFO] [2013-08-26T18:11:53+02:00] Evaluated asdf: rule
[DEBUG] [2013-08-26T18:12:05+02:00] Target set: #<StaticController:0x007f9912c80d68>
[INFO] [2013-08-26T18:12:05+02:00] Evaluated asdf: rule
[DEBUG] [2013-08-26T18:12:06+02:00] Target set: #<StaticController:0x007f9917848f98>
[INFO] [2013-08-26T18:12:06+02:00] Evaluated asdf: rule
[DEBUG] [2013-08-26T18:12:07+02:00] Target set: #<StaticController:0x007f9916cf67f8>
[INFO] [2013-08-26T18:12:07+02:00] Evaluated asdf: rule
[INFO] [2013-08-26T18:12:12+02:00] Rulez waking up!
[DEBUG] [2013-08-26T18:12:12+02:00] Methods class set: RulezMethods::Methods
[DEBUG] [2013-08-26T18:12:13+02:00] Target set: #<StaticController:0x007fca03aa61b0>
[INFO] [2013-08-26T18:12:14+02:00] Evaluated asdf: rule
[DEBUG] [2013-08-26T18:12:15+02:00] Target set: #<StaticController:0x007fca052ea5f0>
[INFO] [2013-08-26T18:12:15+02:00] Evaluated asdf: rule
[DEBUG] [2013-08-26T18:12:16+02:00] Target set: #<StaticController:0x007fca035aa6e8>
[INFO] [2013-08-26T18:12:16+02:00] Evaluated asdf: rule
[INFO] [2013-08-26T18:12:26+02:00] Rulez waking up!
[DEBUG] [2013-08-26T18:12:26+02:00] Methods class set: RulezMethods::Methods
[DEBUG] [2013-08-26T18:12:27+02:00] Target set: #<StaticController:0x007f867e8dad40>
[INFO] [2013-08-26T18:12:27+02:00] Evaluated asdf: rule
[INFO] [2013-08-27T10:05:02+02:00] Rulez waking up!
[DEBUG] [2013-08-27T10:05:02+02:00] Methods class set: RulezMethods::Methods
[DEBUG] [2013-08-27T10:05:19+02:00] Target set: #<StaticController:0x007fc6ae128528>
[INFO] [2013-08-27T10:05:20+02:00] Evaluated asdf: rule
[DEBUG] [2013-08-27T10:14:18+02:00] Target set: #<StaticController:0x007fc6ade73648>
[INFO] [2013-08-27T10:14:18+02:00] Evaluated asdf: rule
[DEBUG] [2013-08-27T10:14:20+02:00] Target set: #<StaticController:0x007fc6ae1fbec8>
[INFO] [2013-08-27T10:14:20+02:00] Evaluated asdf: rule
[DEBUG] [2013-08-27T10:14:20+02:00] Target set: #<StaticController:0x007fc6ae0ab000>
[INFO] [2013-08-27T10:14:20+02:00] Evaluated asdf: rule
[DEBUG] [2013-08-27T10:14:21+02:00] Target set: #<StaticController:0x007fc6b05dcef0>
[INFO] [2013-08-27T10:14:21+02:00] Evaluated asdf: rule
[DEBUG] [2013-08-27T10:14:21+02:00] Target set: #<StaticController:0x007fc6ac405180>
[INFO] [2013-08-27T10:14:21+02:00] Evaluated asdf: rule
[INFO] [2013-08-27T10:14:29+02:00] Rulez waking up!
[DEBUG] [2013-08-27T10:14:29+02:00] Methods class set: RulezMethods::Methods
[DEBUG] [2013-08-27T10:14:39+02:00] Target set: #<StaticController:0x007f8fab4aa640>
[INFO] [2013-08-27T10:20:17+02:00] Evaluated asdf: rule
[DEBUG] [2013-08-27T10:20:17+02:00] Target set: #<StaticController:0x007f8fab9e1f28>
[INFO] [2013-08-27T10:20:26+02:00] Evaluated asdf: rule
[INFO] [2013-08-27T10:20:32+02:00] Rulez waking up!
[DEBUG] [2013-08-27T10:20:32+02:00] Methods class set: RulezMethods::Methods
[DEBUG] [2013-08-27T10:20:33+02:00] Target set: #<StaticController:0x007fd57299d500>
[INFO] [2013-08-27T10:20:33+02:00] Evaluated asdf: rule
[DEBUG] [2013-08-27T10:20:35+02:00] Target set: #<StaticController:0x007fd575e84ac0>
[INFO] [2013-08-27T10:20:35+02:00] Evaluated asdf: rule
[DEBUG] [2013-08-27T10:20:36+02:00] Target set: #<StaticController:0x007fd5729a6e70>
[INFO] [2013-08-27T10:20:36+02:00] Evaluated asdf: rule
[DEBUG] [2013-08-27T10:20:36+02:00] Target set: #<StaticController:0x007fd575f47c50>
[INFO] [2013-08-27T10:20:36+02:00] Evaluated asdf: rule
[DEBUG] [2013-08-27T10:20:36+02:00] Target set: #<StaticController:0x007fd577027e08>
[INFO] [2013-08-27T10:20:36+02:00] Evaluated asdf: rule
[DEBUG] [2013-08-27T10:20:37+02:00] Target set: #<StaticController:0x007fd577052c98>
[INFO] [2013-08-27T10:20:37+02:00] Evaluated asdf: rule
[INFO] [2013-08-27T10:20:47+02:00] Rulez waking up!
[DEBUG] [2013-08-27T10:20:47+02:00] Methods class set: RulezMethods::Methods
[DEBUG] [2013-08-27T10:20:52+02:00] Target set: #<StaticController:0x007ff688bba810>
[INFO] [2013-08-27T10:20:52+02:00] Evaluated asdf: rule
[DEBUG] [2013-08-27T10:20:58+02:00] Target set: #<StaticController:0x007ff68c542d80>
[INFO] [2013-08-27T10:20:58+02:00] Evaluated asdf: rule
[DEBUG] [2013-08-27T10:20:59+02:00] Target set: #<StaticController:0x007ff689338e48>
[INFO] [2013-08-27T10:20:59+02:00] Evaluated asdf: rule
[DEBUG] [2013-08-27T10:22:47+02:00] Target set: #<StaticController:0x007ff689468930>
[INFO] [2013-08-27T10:23:04+02:00] Evaluated asdf: 
[INFO] [2013-08-27T10:24:19+02:00] Rule asdf was successfully updated!
[DEBUG] [2013-08-27T10:24:30+02:00] Target set: #<StaticController:0x007ff68c406d40>
[INFO] [2013-08-27T10:24:30+02:00] Evaluated asdf: 
[DEBUG] [2013-08-27T10:24:31+02:00] Target set: #<StaticController:0x007ff68959b690>
[INFO] [2013-08-27T10:24:31+02:00] Evaluated asdf: 
[DEBUG] [2013-08-27T10:24:35+02:00] Target set: #<StaticController:0x007ff6894b90b0>
[INFO] [2013-08-27T10:24:35+02:00] Evaluated asdf: 
[DEBUG] [2013-08-27T10:24:36+02:00] Target set: #<StaticController:0x007ff688c02d18>
[INFO] [2013-08-27T10:24:36+02:00] Evaluated asdf: 
[INFO] [2013-08-27T10:24:45+02:00] Rulez waking up!
[DEBUG] [2013-08-27T10:24:45+02:00] Methods class set: RulezMethods::Methods
[DEBUG] [2013-08-27T10:24:48+02:00] Target set: #<StaticController:0x007ffdd0cb60a8>
[INFO] [2013-08-27T10:24:49+02:00] Evaluated asdf: 
[DEBUG] [2013-08-27T10:24:49+02:00] Target set: #<StaticController:0x007ffdd28875e8>
[INFO] [2013-08-27T10:24:49+02:00] Evaluated asdf: 
[DEBUG] [2013-08-27T10:24:51+02:00] Target set: #<StaticController:0x007ffdd1416c58>
[INFO] [2013-08-27T10:24:51+02:00] Evaluated asdf: 
[DEBUG] [2013-08-27T10:30:07+02:00] Target set: #<StaticController:0x007ffdd2907810>
[INFO] [2013-08-27T10:30:07+02:00] Evaluated asdf: 
[DEBUG] [2013-08-27T10:30:08+02:00] Target set: #<StaticController:0x007ffdd222a268>
[INFO] [2013-08-27T10:30:08+02:00] Evaluated asdf: 
[DEBUG] [2013-08-27T10:30:09+02:00] Target set: #<StaticController:0x007ffdd39f03e8>
[INFO] [2013-08-27T10:30:09+02:00] Evaluated asdf: 
[INFO] [2013-08-27T10:30:32+02:00] Rulez waking up!
[DEBUG] [2013-08-27T10:30:32+02:00] Methods class set: RulezMethods::Methods
[DEBUG] [2013-08-27T10:30:33+02:00] Target set: #<StaticController:0x007ff1acc3d930>
[INFO] [2013-08-27T10:31:21+02:00] Evaluated asdf: 
[DEBUG] [2013-08-27T10:31:32+02:00] Target set: #<StaticController:0x007ff1abad2b00>
[INFO] [2013-08-27T10:31:38+02:00] Evaluated asdf: 
[DEBUG] [2013-08-27T10:31:38+02:00] Target set: #<StaticController:0x007ff1acddd998>
[INFO] [2013-08-27T10:31:40+02:00] Evaluated asdf: 
[INFO] [2013-08-27T10:35:48+02:00] Rulez waking up!
[DEBUG] [2013-08-27T10:35:48+02:00] Methods class set: RulezMethods::Methods
[DEBUG] [2013-08-27T10:35:49+02:00] Target set: #<StaticController:0x007ff57d601a60>
[DEBUG] [2013-08-27T10:35:56+02:00] Target set: #<StaticController:0x007ff57ec2e158>
[DEBUG] [2013-08-27T10:36:16+02:00] Target set: #<StaticController:0x007ff57c31d048>
[DEBUG] [2013-08-27T10:36:17+02:00] Target set: #<StaticController:0x007ff57b9ad210>
[INFO] [2013-08-27T10:36:26+02:00] Rulez waking up!
[DEBUG] [2013-08-27T10:36:26+02:00] Methods class set: RulezMethods::Methods
[DEBUG] [2013-08-27T10:36:27+02:00] Target set: #<StaticController:0x007fb90accd218>
[DEBUG] [2013-08-27T10:36:28+02:00] Target set: #<StaticController:0x007fb90d97e4b0>
[INFO] [2013-08-27T10:38:42+02:00] Rulez waking up!
[DEBUG] [2013-08-27T10:38:42+02:00] Methods class set: RulezMethods::Methods
[DEBUG] [2013-08-27T10:38:43+02:00] Target set: #<StaticController:0x007fd5b33d16d0>
[INFO] [2013-08-27T10:38:43+02:00] Evaluated asdf: p1
[DEBUG] [2013-08-27T10:38:45+02:00] Target set: #<RestaurantsController:0x007fd5b5391920>
[INFO] [2013-08-27T10:38:57+02:00] Rule asdf was successfully updated!
[DEBUG] [2013-08-27T10:39:53+02:00] Target set: #<StaticController:0x007fd5b700b880>
[INFO] [2013-08-27T10:39:53+02:00] Evaluated asdf: p1
[INFO] [2013-08-27T10:40:13+02:00] Rulez waking up!
[DEBUG] [2013-08-27T10:40:13+02:00] Methods class set: RulezMethods::Methods
[DEBUG] [2013-08-27T10:40:15+02:00] Target set: #<StaticController:0x007f9bccaac430>
[INFO] [2013-08-27T10:40:15+02:00] Evaluated asdf: rule
[DEBUG] [2013-08-27T10:40:16+02:00] Target set: #<StaticController:0x007f9bcc8d1ea8>
[INFO] [2013-08-27T10:40:16+02:00] Evaluated asdf: rule
[INFO] [2013-08-27T10:40:23+02:00] Rulez waking up!
[DEBUG] [2013-08-27T10:40:23+02:00] Methods class set: RulezMethods::Methods
[DEBUG] [2013-08-27T10:40:24+02:00] Target set: #<StaticController:0x007fefad5c37e0>
[INFO] [2013-08-27T10:40:25+02:00] Evaluated asdf: p1
[INFO] [2013-08-27T10:40:35+02:00] Rulez waking up!
[DEBUG] [2013-08-27T10:40:35+02:00] Methods class set: RulezMethods::Methods
[DEBUG] [2013-08-27T10:40:35+02:00] Target set: #<StaticController:0x007fbff22b2f00>
[INFO] [2013-08-27T10:40:35+02:00] Evaluated asdf: p2
[INFO] [2013-08-27T10:40:44+02:00] Rulez waking up!
[DEBUG] [2013-08-27T10:40:44+02:00] Methods class set: RulezMethods::Methods
[DEBUG] [2013-08-27T10:40:46+02:00] Target set: #<StaticController:0x007fe128f36bf8>
[INFO] [2013-08-27T10:40:46+02:00] Evaluated asdf: p3
[INFO] [2013-08-27T10:40:59+02:00] Rulez waking up!
[DEBUG] [2013-08-27T10:41:00+02:00] Methods class set: RulezMethods::Methods
[DEBUG] [2013-08-27T10:41:01+02:00] Target set: #<StaticController:0x007fb5dd479e20>
[INFO] [2013-08-27T10:41:01+02:00] Evaluated asdf: p1
[INFO] [2013-08-27T10:41:27+02:00] Rulez waking up!
[DEBUG] [2013-08-27T10:41:27+02:00] Methods class set: RulezMethods::Methods
[DEBUG] [2013-08-27T10:41:28+02:00] Target set: #<StaticController:0x007fea1aabccf8>
[INFO] [2013-08-27T10:41:28+02:00] Evaluated asdf: p3
[INFO] [2013-08-27T11:04:34+02:00] Rulez waking up!
[DEBUG] [2013-08-27T11:04:35+02:00] Methods class set: RulezMethods::Methods
[INFO] [2013-08-27T11:43:48+02:00] Rulez waking up!
[DEBUG] [2013-08-27T11:43:48+02:00] Methods class set: RulezMethods::Methods
[INFO] [2013-08-27T14:18:45+02:00] Rulez waking up!
[DEBUG] [2013-08-27T14:18:45+02:00] Methods class set: RulezMethods::Methods
[INFO] [2013-08-27T14:22:11+02:00] Rulez waking up!
[DEBUG] [2013-08-27T14:22:11+02:00] Methods class set: RulezMethods::Methods
[INFO] [2013-08-27T14:24:59+02:00] Rulez waking up!
[DEBUG] [2013-08-27T14:24:59+02:00] Methods class set: RulezMethods::Methods
[INFO] [2013-08-27T14:26:56+02:00] Rulez waking up!
[DEBUG] [2013-08-27T14:26:56+02:00] Methods class set: RulezMethods::Methods
[INFO] [2013-08-27T15:02:04+02:00] Rulez waking up!
[DEBUG] [2013-08-27T15:02:04+02:00] Methods class set: RulezMethods::Methods
[INFO] [2013-08-27T15:11:36+02:00] Rulez waking up!
[DEBUG] [2013-08-27T15:11:36+02:00] Methods class set: RulezMethods::Methods
[INFO] [2013-08-27T15:12:48+02:00] Rulez waking up!
[DEBUG] [2013-08-27T15:12:48+02:00] Methods class set: RulezMethods::Methods
[INFO] [2013-08-27T15:14:03+02:00] Rulez waking up!
[DEBUG] [2013-08-27T15:14:03+02:00] Methods class set: RulezMethods::Methods
[INFO] [2013-08-27T15:14:14+02:00] Rulez waking up!
[DEBUG] [2013-08-27T15:14:14+02:00] Methods class set: RulezMethods::Methods
[DEBUG] [2013-08-27T15:30:55+02:00] Target set: #<StaticController:0x007fc2495cd4c0>
[ERROR] [2013-08-27T15:30:55+02:00] Evaluating asdf: mandatory parameters not set: p1, p2, p3
[DEBUG] [2013-08-27T15:30:57+02:00] Target set: #<StaticController:0x007fc2496c30a0>
[ERROR] [2013-08-27T15:30:57+02:00] Evaluating asdf: mandatory parameters not set: p1, p2, p3
[DEBUG] [2013-08-27T15:30:58+02:00] Target set: #<StaticController:0x007fc24b553bf0>
[ERROR] [2013-08-27T15:30:58+02:00] Evaluating asdf: mandatory parameters not set: p1, p2, p3
[INFO] [2013-08-27T15:59:05+02:00] Rulez waking up!
[DEBUG] [2013-08-27T15:59:05+02:00] Methods class set: RulezMethods::Methods
[INFO] [2013-08-27T16:09:56+02:00] Rulez waking up!
[DEBUG] [2013-08-27T16:09:56+02:00] Methods class set: RulezMethods::Methods
[INFO] [2013-08-27T16:17:28+02:00] Rulez waking up!
[DEBUG] [2013-08-27T16:17:28+02:00] Methods class set: RulezMethods::Methods
[INFO] [2013-08-27T16:44:39+02:00] Rulez waking up!
[DEBUG] [2013-08-27T16:44:39+02:00] Methods class set: RulezMethods::Methods
[INFO] [2013-08-27T16:49:01+02:00] Rulez waking up!
[DEBUG] [2013-08-27T16:49:01+02:00] Methods class set: RulezMethods::Methods
[INFO] [2013-08-27T17:03:10+02:00] Rule asdf was successfully updated!
[INFO] [2013-08-27T17:03:45+02:00] Doctor invoked, no errors found.
[INFO] [2013-08-27T17:03:47+02:00] Doctor invoked, no errors found.
[INFO] [2013-08-27T17:03:57+02:00] Rulez waking up!
[DEBUG] [2013-08-27T17:03:57+02:00] Methods class set: RulezMethods::Methods
[ERROR] [2013-08-27T17:03:59+02:00] Doctor invoked, errors found!  -- condition => expression contains invalid variables: p1. -- 
[ERROR] [2013-08-27T17:04:00+02:00] Doctor invoked, errors found!  -- condition => expression contains invalid variables: p1. -- 
[ERROR] [2013-08-27T17:05:28+02:00] Doctor invoked, errors found!  -- condition => expression contains invalid variables: p1. -- 
[INFO] [2013-08-27T17:05:33+02:00] Rulez waking up!
[DEBUG] [2013-08-27T17:05:33+02:00] Methods class set: RulezMethods::Methods
[ERROR] [2013-08-27T17:05:34+02:00] Doctor invoked, errors found!  -- condition => expression contains invalid variables: p1. -- 
[ERROR] [2013-08-27T17:05:36+02:00] Doctor invoked, errors found!  -- condition => expression contains invalid variables: p1. -- 
[ERROR] [2013-08-27T17:06:24+02:00] Doctor invoked, errors found!  -- condition => expression contains invalid variables: p1. -- 
[INFO] [2013-08-27T17:06:28+02:00] Rulez waking up!
[DEBUG] [2013-08-27T17:06:28+02:00] Methods class set: RulezMethods::Methods
[ERROR] [2013-08-27T17:06:30+02:00] Doctor invoked, errors found!  -- condition => expression contains invalid variables: p1. -- 
[INFO] [2013-08-27T17:18:22+02:00] Rulez waking up!
[DEBUG] [2013-08-27T17:18:22+02:00] Methods class set: RulezMethods::Methods
[INFO] [2013-08-27T17:24:16+02:00] Rulez waking up!
[DEBUG] [2013-08-27T17:24:16+02:00] Methods class set: RulezMethods::Methods
[ERROR] [2013-08-27T17:24:19+02:00] Doctor invoked, errors found!  -- condition => expression contains invalid variables: p1. -- 
[ERROR] [2013-08-27T17:25:54+02:00] Doctor invoked, errors found!  -- condition => expression contains invalid variables: p1. -- 
[ERROR] [2013-08-27T17:26:08+02:00] Doctor invoked, errors found!  -- condition => expression contains invalid variables: p1. -- 
[ERROR] [2013-08-27T17:26:21+02:00] Doctor invoked, errors found!  -- condition => expression contains invalid variables: p1. -- 
[ERROR] [2013-08-27T17:26:28+02:00] Doctor invoked, errors found!  -- condition => expression contains invalid variables: p1. -- 
[ERROR] [2013-08-27T17:27:06+02:00] Doctor invoked, errors found!  -- condition => expression contains invalid variables: p1. -- 
[INFO] [2013-08-27T17:27:11+02:00] Doctor invoked, no errors found.
[INFO] [2013-08-27T17:27:12+02:00] Doctor invoked, no errors found.
[INFO] [2013-08-27T17:27:12+02:00] Doctor invoked, no errors found.
[INFO] [2013-08-27T17:28:11+02:00] Doctor invoked, no errors found.
[INFO] [2013-08-27T17:28:36+02:00] Rule asdf was successfully created!
[INFO] [2013-08-27T17:28:56+02:00] Doctor invoked, no errors found.
[INFO] [2013-08-27T17:29:18+02:00] Rule asdf was successfully updated!
[ERROR] [2013-08-27T17:29:24+02:00] Doctor invoked, errors found!  -- condition => expression contains invalid variables: asdf. --  -- alternative => expression contains invalid variables: asdf. -- 
[ERROR] [2013-08-27T17:29:34+02:00] Doctor invoked, errors found!  -- condition => expression contains invalid variables: asdf. --  -- alternative => expression contains invalid variables: asdf. -- 
[INFO] [2013-08-27T17:29:43+02:00] Doctor invoked, no errors found.
[INFO] [2013-08-27T17:30:07+02:00] Rule asdf was successfully created!
[INFO] [2013-08-27T17:30:27+02:00] Doctor invoked, no errors found.
[INFO] [2013-08-27T17:30:35+02:00] Rule asdf was successfully updated!
[ERROR] [2013-08-27T17:30:37+02:00] Doctor invoked, errors found!  -- condition => expression contains invalid variables: asdf. -- 
[INFO] [2013-08-27T17:31:00+02:00] Rule asdf was successfully updated!
[ERROR] [2013-08-27T17:31:14+02:00] Doctor invoked, errors found!  -- condition => expression contains invalid variables: asdf. -- 
[ERROR] [2013-08-27T17:31:21+02:00] Doctor invoked, errors found!  -- rule => expression contains invalid variable: asdf. --  -- condition => expression contains invalid variables: asdf. --  -- alternative => expression contains invalid variable: asdf. -- 
[ERROR] [2013-08-27T17:31:34+02:00] Doctor invoked, errors found!  -- rule => expression contains invalid variable: asdf. -- 
[ERROR] [2013-08-27T17:32:05+02:00] Doctor invoked, errors found!  -- rule => expression contains invalid variable: asdf. -- 
[ERROR] [2013-08-27T17:32:11+02:00] Doctor invoked, errors found!  -- rule => expression contains invalid variable: asdf. -- 
[INFO] [2013-08-27T17:32:14+02:00] Doctor invoked, no errors found.
[INFO] [2013-08-28T09:55:31+02:00] Rulez waking up!
[DEBUG] [2013-08-28T09:55:32+02:00] Methods class set: RulezMethods::Methods
[INFO] [2013-08-28T12:07:41+02:00] Rulez waking up!
[DEBUG] [2013-08-28T12:07:41+02:00] Methods class set: RulezMethods::Methods
[INFO] [2013-08-28T16:42:03+02:00] Rulez waking up!
[DEBUG] [2013-08-28T16:42:03+02:00] Methods class set: RulezMethods::Methods
[INFO] [2013-08-28T16:42:08+02:00] Rulez waking up!
[DEBUG] [2013-08-28T16:42:08+02:00] Methods class set: RulezMethods::Methods
[INFO] [2013-08-28T16:53:11+02:00] Rulez waking up!
[DEBUG] [2013-08-28T16:53:11+02:00] Methods class set: RulezMethods::Methods
[DEBUG] [2013-08-28T16:53:15+02:00] Target set: #<StaticController:0x007ffda4282900>
[INFO] [2013-08-28T16:53:26+02:00] Doctor invoked, no errors found.
[INFO] [2013-08-28T16:53:27+02:00] Doctor invoked, no errors found.
[INFO] [2013-08-28T16:53:39+02:00] Rule asdf was successfully created!
[INFO] [2013-08-28T17:06:15+02:00] Rulez waking up!
[DEBUG] [2013-08-28T17:06:15+02:00] Methods class set: RulezMethods::Methods
[INFO] [2013-08-28T18:15:17+02:00] Rulez waking up!
[DEBUG] [2013-08-28T18:15:17+02:00] Methods class set: RulezMethods::Methods
